2025-06-17 11:37:03 - INFO - File saved successfully: /Users/xiu/Documents/FullStack/fastapi/backend/upload/candidate/20250617163703-Xiu_CL_AI_May25_AIDeveloper.docx - (service.py:38)
2025-06-17 11:38:14 - INFO - File saved successfully: /Users/xiu/Documents/FullStack/fastapi/backend/upload/candidate/20250617163814-20250617163703-Xiu_CL_AI_May25_AIDeveloper.docx - (service.py:38)
2025-06-17 11:38:14 - INFO - File saved successfully: /Users/xiu/Documents/FullStack/fastapi/backend/upload/candidate/20250617163814-Xiu_CL_AI_May25_CL.docx - (service.py:38)
2025-06-17 11:38:14 - INFO - File saved successfully: /Users/xiu/Documents/FullStack/fastapi/backend/upload/candidate/20250617163814-Xiu_CL_AI_May25_CL.pdf - (service.py:38)
2025-06-17 11:47:10 - INFO - File saved successfully: /Users/xiu/Documents/FullStack/fastapi/backend/upload/candidate/20250617164710-Xiu_CL_AI_May25_AIDeveloper.docx - (service.py:38)
2025-06-17 11:52:05 - INFO - File saved successfully: /Users/xiu/Documents/FullStack/fastapi/backend/upload/candidate/20250617165205-Xiu_CL_AI_May25_DA.docx - (service.py:38)
2025-06-17 11:53:15 - INFO - File saved successfully: /Users/xiu/Documents/FullStack/fastapi/backend/upload/candidate/20250617165315-Xiu_CL_AI_May25_DS.docx - (service.py:38)
2025-06-17 11:53:15 - INFO - Start analyse candidate - (service.py:78)
2025-06-17 11:53:18 - INFO - File saved successfully: /Users/xiu/Documents/FullStack/fastapi/backend/upload/candidate/20250617165318-Xiu_CL_AI_May25_DS.docx - (service.py:38)
2025-06-17 11:53:18 - INFO - Start analyse candidate - (service.py:78)
2025-06-17 12:03:35 - INFO - File saved successfully: /Users/xiu/Documents/FullStack/fastapi/backend/upload/candidate/20250617170335-Xiu_CL_AI_May25_DS.docx - (service.py:38)
2025-06-17 12:03:35 - INFO - Start analyse candidate - (service.py:78)
2025-06-17 12:14:02 - INFO - File saved successfully: /Users/xiu/Documents/FullStack/fastapi/backend/upload/candidate/20250617171402-Xiu_CL_AI_May25_ETL.docx - (service.py:38)
2025-06-17 12:14:02 - INFO - Start analyse candidate - (service.py:78)
2025-06-17 12:14:06 - INFO - Done analyse candidate - (service.py:97)
2025-06-17 12:14:06 - INFO - Time analyse candidate: 3.27669620513916 - (service.py:98)
2025-06-17 12:18:12 - INFO - File saved successfully: /Users/xiu/Documents/FullStack/fastapi/backend/upload/candidate/20250617171812-Xiu_CL_AI_May25_C.docx - (service.py:38)
2025-06-17 12:18:12 - INFO - Start analyse candidate - (service.py:78)
2025-06-17 12:19:25 - INFO - File saved successfully: /Users/xiu/Documents/FullStack/fastapi/backend/upload/candidate/20250617171925-Xiu_CL_AI_May25_DA.docx - (service.py:38)
2025-06-17 12:19:25 - INFO - Start analyse candidate - (service.py:78)
2025-06-17 12:20:14 - INFO - File saved successfully: /Users/xiu/Documents/FullStack/fastapi/backend/upload/candidate/20250617172014-Xiu_CL_AI_May25_ETL.docx - (service.py:38)
2025-06-17 12:20:14 - INFO - Start analyse candidate - (service.py:78)
2025-06-17 12:20:16 - INFO - Done analyse candidate - (service.py:97)
2025-06-17 12:20:16 - INFO - Time analyse candidate: 1.9529728889465332 - (service.py:98)
2025-06-17 12:21:26 - INFO - File saved successfully: /Users/xiu/Documents/FullStack/fastapi/backend/upload/candidate/20250617172126-Xiu_CL_AI_May25_genAI.docx - (service.py:38)
2025-06-17 12:21:26 - INFO - Start analyse candidate - (service.py:78)
2025-06-17 12:21:27 - INFO - Done analyse candidate - (service.py:97)
2025-06-17 12:21:27 - INFO - Time analyse candidate: 1.7242629528045654 - (service.py:98)
